Build started 11/24/2014 11:06:34 PM.
     1>Project "C:\Users\chenglong\Documents\GitHub\network\build 2\assign2\FTP_UDP\client\client.vcxproj" on node 2 (Build target(s)).
     1>ClCompile:
         D:\Program Files (x86)\Microsoft Visual Studio 12.0\VC\bin\CL.exe /c /ZI /nologo /W3 /WX- /Od /Oy- /D WIN32 /D _DEBUG /D _CONSOLE /D _UNICODE /D UNICODE /Gm /EHsc /RTC1 /MDd /GS /fp:precise /Zc:wchar_t /Zc:forScope /Fo"Debug\\" /Fd"Debug\vc120.pdb" /Gd /TP /analyze- /errorReport:prompt client.cpp
         client.cpp
     1>c:\users\chenglong\documents\github\network\build 2\assign2\ftp_udp\client\client.cpp(119): warning C4996: 'strcpy': This function or variable may be unsafe. Consider using strcpy_s instead. To disable deprecation, use _CRT_SECURE_NO_WARNINGS. See online help for details.
                 d:\program files (x86)\microsoft visual studio 12.0\vc\include\string.h(112) : see declaration of 'strcpy'
     1>c:\users\chenglong\documents\github\network\build 2\assign2\ftp_udp\client\client.cpp(146): warning C4996: 'strcpy': This function or variable may be unsafe. Consider using strcpy_s instead. To disable deprecation, use _CRT_SECURE_NO_WARNINGS. See online help for details.
                 d:\program files (x86)\microsoft visual studio 12.0\vc\include\string.h(112) : see declaration of 'strcpy'
     1>c:\users\chenglong\documents\github\network\build 2\assign2\ftp_udp\client\client.cpp(106): warning C4101: 'sendbuffer' : unreferenced local variable
     1>c:\users\chenglong\documents\github\network\build 2\assign2\ftp_udp\client\client.cpp(105): warning C4101: 'recvbuffer' : unreferenced local variable
     1>c:\users\chenglong\documents\github\network\build 2\assign2\ftp_udp\client\client.cpp(184): warning C4101: 'sendbuffer' : unreferenced local variable
     1>c:\users\chenglong\documents\github\network\build 2\assign2\ftp_udp\client\client.cpp(248): warning C4996: 'sprintf': This function or variable may be unsafe. Consider using sprintf_s instead. To disable deprecation, use _CRT_SECURE_NO_WARNINGS. See online help for details.
                 d:\program files (x86)\microsoft visual studio 12.0\vc\include\stdio.h(356) : see declaration of 'sprintf'
     1>c:\users\chenglong\documents\github\network\build 2\assign2\ftp_udp\client\client.cpp(283): warning C4996: 'strcpy': This function or variable may be unsafe. Consider using strcpy_s instead. To disable deprecation, use _CRT_SECURE_NO_WARNINGS. See online help for details.
                 d:\program files (x86)\microsoft visual studio 12.0\vc\include\string.h(112) : see declaration of 'strcpy'
     1>c:\users\chenglong\documents\github\network\build 2\assign2\ftp_udp\client\client.cpp(292): warning C4996: 'strcat': This function or variable may be unsafe. Consider using strcat_s instead. To disable deprecation, use _CRT_SECURE_NO_WARNINGS. See online help for details.
                 d:\program files (x86)\microsoft visual studio 12.0\vc\include\string.h(118) : see declaration of 'strcat'
     1>c:\users\chenglong\documents\github\network\build 2\assign2\ftp_udp\client\client.cpp(296): warning C4996: 'strcat': This function or variable may be unsafe. Consider using strcat_s instead. To disable deprecation, use _CRT_SECURE_NO_WARNINGS. See online help for details.
                 d:\program files (x86)\microsoft visual studio 12.0\vc\include\string.h(118) : see declaration of 'strcat'
     1>c:\users\chenglong\documents\github\network\build 2\assign2\ftp_udp\client\client.cpp(305): warning C4996: 'fopen': This function or variable may be unsafe. Consider using fopen_s instead. To disable deprecation, use _CRT_SECURE_NO_WARNINGS. See online help for details.
                 d:\program files (x86)\microsoft visual studio 12.0\vc\include\stdio.h(211) : see declaration of 'fopen'
     1>c:\users\chenglong\documents\github\network\build 2\assign2\ftp_udp\client\client.cpp(341): warning C4996: 'getcwd': The POSIX name for this item is deprecated. Instead, use the ISO C++ conformant name: _getcwd. See online help for details.
                 d:\program files (x86)\microsoft visual studio 12.0\vc\include\direct.h(130) : see declaration of 'getcwd'
     1>c:\users\chenglong\documents\github\network\build 2\assign2\ftp_udp\client\client.cpp(344): warning C4996: 'strcat': This function or variable may be unsafe. Consider using strcat_s instead. To disable deprecation, use _CRT_SECURE_NO_WARNINGS. See online help for details.
                 d:\program files (x86)\microsoft visual studio 12.0\vc\include\string.h(118) : see declaration of 'strcat'
     1>c:\users\chenglong\documents\github\network\build 2\assign2\ftp_udp\client\client.cpp(372): warning C4996: 'sprintf': This function or variable may be unsafe. Consider using sprintf_s instead. To disable deprecation, use _CRT_SECURE_NO_WARNINGS. See online help for details.
                 d:\program files (x86)\microsoft visual studio 12.0\vc\include\stdio.h(356) : see declaration of 'sprintf'
     1>c:\users\chenglong\documents\github\network\build 2\assign2\ftp_udp\client\client.cpp(413): warning C4996: 'sprintf': This function or variable may be unsafe. Consider using sprintf_s instead. To disable deprecation, use _CRT_SECURE_NO_WARNINGS. See online help for details.
                 d:\program files (x86)\microsoft visual studio 12.0\vc\include\stdio.h(356) : see declaration of 'sprintf'
     1>c:\users\chenglong\documents\github\network\build 2\assign2\ftp_udp\client\client.cpp(405): warning C4101: 'clientfilename' : unreferenced local variable
     1>c:\users\chenglong\documents\github\network\build 2\assign2\ftp_udp\client\client.cpp(411): warning C4101: 'filestate' : unreferenced local variable
     1>c:\users\chenglong\documents\github\network\build 2\assign2\ftp_udp\client\client.cpp(406): warning C4101: 'recvbuffer' : unreferenced local variable
     1>c:\users\chenglong\documents\github\network\build 2\assign2\ftp_udp\client\client.cpp(501): warning C4996: 'sprintf': This function or variable may be unsafe. Consider using sprintf_s instead. To disable deprecation, use _CRT_SECURE_NO_WARNINGS. See online help for details.
                 d:\program files (x86)\microsoft visual studio 12.0\vc\include\stdio.h(356) : see declaration of 'sprintf'
     1>c:\users\chenglong\documents\github\network\build 2\assign2\ftp_udp\client\client.cpp(544): warning C4996: 'strcpy': This function or variable may be unsafe. Consider using strcpy_s instead. To disable deprecation, use _CRT_SECURE_NO_WARNINGS. See online help for details.
                 d:\program files (x86)\microsoft visual studio 12.0\vc\include\string.h(112) : see declaration of 'strcpy'
     1>c:\users\chenglong\documents\github\network\build 2\assign2\ftp_udp\client\client.cpp(559): warning C4996: 'fopen': This function or variable may be unsafe. Consider using fopen_s instead. To disable deprecation, use _CRT_SECURE_NO_WARNINGS. See online help for details.
                 d:\program files (x86)\microsoft visual studio 12.0\vc\include\stdio.h(211) : see declaration of 'fopen'
     1>c:\users\chenglong\documents\github\network\build 2\assign2\ftp_udp\client\client.cpp(494): warning C4101: 'ibufferlen' : unreferenced local variable
     1>c:\users\chenglong\documents\github\network\build 2\assign2\ftp_udp\client\client.cpp(763): warning C4101: 'filename' : unreferenced local variable
       Link:
         D:\Program Files (x86)\Microsoft Visual Studio 12.0\VC\bin\link.exe /ERRORREPORT:PROMPT /OUT:"C:\Users\chenglong\Documents\GitHub\network\build 2\assign2\FTP_UDP\Debug\client.exe" /INCREMENTAL /NOLOGO kernel32.lib user32.lib gdi32.lib winspool.lib comdlg32.lib advapi32.lib shell32.lib ole32.lib oleaut32.lib uuid.lib odbc32.lib odbccp32.lib /MANIFEST /MANIFESTUAC:"level='asInvoker' uiAccess='false'" /manifest:embed /DEBUG /PDB:"C:\Users\chenglong\Documents\GitHub\network\build 2\assign2\FTP_UDP\Debug\client.pdb" /SUBSYSTEM:CONSOLE /TLBID:1 /DYNAMICBASE /NXCOMPAT /IMPLIB:"C:\Users\chenglong\Documents\GitHub\network\build 2\assign2\FTP_UDP\Debug\client.lib" /MACHINE:X86 Debug\client.obj
         client.vcxproj -> C:\Users\chenglong\Documents\GitHub\network\build 2\assign2\FTP_UDP\Debug\client.exe
     1>Done Building Project "C:\Users\chenglong\Documents\GitHub\network\build 2\assign2\FTP_UDP\client\client.vcxproj" (Build target(s)).

Build succeeded.

Time Elapsed 00:00:01.54
