G:\MY DOCUMENTS\VISUAL STUDIO 2012\PROJECTS\FTP_UDP\CLIENT\DEBUG\CLIENT.OBJ
G:\MY DOCUMENTS\VISUAL STUDIO 2012\PROJECTS\FTP_UDP\CLIENT\DEBUG\VC110.PDB
G:\MY DOCUMENTS\VISUAL STUDIO 2012\PROJECTS\FTP_UDP\DEBUG\CLIENT.ILK
G:\MY DOCUMENTS\VISUAL STUDIO 2012\PROJECTS\FTP_UDP\DEBUG\CLIENT.EXE
G:\MY DOCUMENTS\VISUAL STUDIO 2012\PROJECTS\FTP_UDP\DEBUG\CLIENT.PDB
G:\My Documents\Visual Studio 2012\Projects\FTP_UDP\client\Debug\client.obj
G:\My Documents\Visual Studio 2012\Projects\FTP_UDP\client\Debug\CL.read.1.tlog
G:\My Documents\Visual Studio 2012\Projects\FTP_UDP\client\Debug\CL.write.1.tlog
G:\My Documents\Visual Studio 2012\Projects\FTP_UDP\client\Debug\cl.command.1.tlog
G:\My Documents\Visual Studio 2012\Projects\FTP_UDP\client\Debug\link-rc.read.1.tlog
G:\My Documents\Visual Studio 2012\Projects\FTP_UDP\client\Debug\link-rc.write.1.tlog
G:\My Documents\Visual Studio 2012\Projects\FTP_UDP\client\Debug\link-cvtres.read.1.tlog
G:\My Documents\Visual Studio 2012\Projects\FTP_UDP\client\Debug\link-cvtres.write.1.tlog
G:\My Documents\Visual Studio 2012\Projects\FTP_UDP\client\Debug\link.read.1.tlog
G:\My Documents\Visual Studio 2012\Projects\FTP_UDP\client\Debug\link.write.1.tlog
G:\My Documents\Visual Studio 2012\Projects\FTP_UDP\client\Debug\link.command.1.tlog
G:\My Documents\Visual Studio 2012\Projects\FTP_UDP\client\Debug\link.2272-rc.read.1.tlog
G:\My Documents\Visual Studio 2012\Projects\FTP_UDP\client\Debug\link.2272-rc.write.1.tlog
G:\My Documents\Visual Studio 2012\Projects\FTP_UDP\client\Debug\link.2272-cvtres.read.1.tlog
G:\My Documents\Visual Studio 2012\Projects\FTP_UDP\client\Debug\link.2272-cvtres.write.1.tlog
G:\My Documents\Visual Studio 2012\Projects\FTP_UDP\client\Debug\link.2272.read.1.tlog
G:\My Documents\Visual Studio 2012\Projects\FTP_UDP\client\Debug\link.2272.write.1.tlog
G:\My Documents\Visual Studio 2012\Projects\FTP_UDP\client\Debug\vc110.idb
G:\My Documents\Visual Studio 2012\Projects\FTP_UDP\client\Debug\vc110.pdb
G:\My Documents\Visual Studio 2012\Projects\FTP_UDP\Debug\client.pdb
G:\My Documents\Visual Studio 2012\Projects\FTP_UDP\Debug\client.exe
G:\My Documents\Visual Studio 2012\Projects\FTP_UDP\Debug\client.ilk
