G:\MY DOCUMENTS\VISUAL STUDIO 2012\PROJECTS\FTP_UDP\ROUTER\DEBUG\ROUTER.OBJ
G:\MY DOCUMENTS\VISUAL STUDIO 2012\PROJECTS\FTP_UDP\ROUTER\DEBUG\VC110.PDB
G:\MY DOCUMENTS\VISUAL STUDIO 2012\PROJECTS\FTP_UDP\DEBUG\ROUTER.ILK
G:\MY DOCUMENTS\VISUAL STUDIO 2012\PROJECTS\FTP_UDP\DEBUG\ROUTER.EXE
G:\MY DOCUMENTS\VISUAL STUDIO 2012\PROJECTS\FTP_UDP\DEBUG\ROUTER.PDB
G:\My Documents\Visual Studio 2012\Projects\FTP_UDP\router\Debug\Router.obj
G:\My Documents\Visual Studio 2012\Projects\FTP_UDP\router\Debug\CL.read.1.tlog
G:\My Documents\Visual Studio 2012\Projects\FTP_UDP\router\Debug\CL.write.1.tlog
G:\My Documents\Visual Studio 2012\Projects\FTP_UDP\router\Debug\cl.command.1.tlog
G:\My Documents\Visual Studio 2012\Projects\FTP_UDP\router\Debug\link-rc.read.1.tlog
G:\My Documents\Visual Studio 2012\Projects\FTP_UDP\router\Debug\link-rc.write.1.tlog
G:\My Documents\Visual Studio 2012\Projects\FTP_UDP\router\Debug\link-cvtres.read.1.tlog
G:\My Documents\Visual Studio 2012\Projects\FTP_UDP\router\Debug\link-cvtres.write.1.tlog
G:\My Documents\Visual Studio 2012\Projects\FTP_UDP\router\Debug\link.read.1.tlog
G:\My Documents\Visual Studio 2012\Projects\FTP_UDP\router\Debug\link.write.1.tlog
G:\My Documents\Visual Studio 2012\Projects\FTP_UDP\router\Debug\link.command.1.tlog
G:\My Documents\Visual Studio 2012\Projects\FTP_UDP\router\Debug\vc110.idb
G:\My Documents\Visual Studio 2012\Projects\FTP_UDP\router\Debug\vc110.pdb
G:\My Documents\Visual Studio 2012\Projects\FTP_UDP\Debug\router.pdb
G:\My Documents\Visual Studio 2012\Projects\FTP_UDP\Debug\router.exe
G:\My Documents\Visual Studio 2012\Projects\FTP_UDP\Debug\router.ilk
