Build started 11/24/2014 9:45:51 PM.
     1>Project "C:\Users\chenglong\Documents\GitHub\network\build 1\Assign\Server\Server.vcxproj" on node 3 (Build target(s)).
     1>ClCompile:
         D:\Program Files (x86)\Microsoft Visual Studio 12.0\VC\bin\CL.exe /c /ZI /nologo /W3 /WX- /Od /Oy- /D _MBCS /Gm /EHsc /RTC1 /MDd /GS /fp:precise /Zc:wchar_t /Zc:forScope /Fo"Debug\\" /Fd"Debug\vc120.pdb" /Gd /TP /analyze- /errorReport:prompt Server.cpp
         Server.cpp
     1>c:\users\chenglong\documents\github\network\build 1\assign\server\server.cpp(182): warning C4996: 'fopen': This function or variable may be unsafe. Consider using fopen_s instead. To disable deprecation, use _CRT_SECURE_NO_WARNINGS. See online help for details.
                 d:\program files (x86)\microsoft visual studio 12.0\vc\include\stdio.h(211) : see declaration of 'fopen'
     1>c:\users\chenglong\documents\github\network\build 1\assign\server\server.cpp(158): warning C4101: 'buffer' : unreferenced local variable
     1>c:\users\chenglong\documents\github\network\build 1\assign\server\server.cpp(253): warning C4996: 'strcpy': This function or variable may be unsafe. Consider using strcpy_s instead. To disable deprecation, use _CRT_SECURE_NO_WARNINGS. See online help for details.
                 d:\program files (x86)\microsoft visual studio 12.0\vc\include\string.h(112) : see declaration of 'strcpy'
     1>c:\users\chenglong\documents\github\network\build 1\assign\server\server.cpp(256): warning C4996: 'sprintf': This function or variable may be unsafe. Consider using sprintf_s instead. To disable deprecation, use _CRT_SECURE_NO_WARNINGS. See online help for details.
                 d:\program files (x86)\microsoft visual studio 12.0\vc\include\stdio.h(356) : see declaration of 'sprintf'
     1>c:\users\chenglong\documents\github\network\build 1\assign\server\server.cpp(265): warning C4552: '!=' : operator has no effect; expected operator with side-effect
     1>c:\users\chenglong\documents\github\network\build 1\assign\server\server.cpp(269): warning C4996: 'fopen': This function or variable may be unsafe. Consider using fopen_s instead. To disable deprecation, use _CRT_SECURE_NO_WARNINGS. See online help for details.
                 d:\program files (x86)\microsoft visual studio 12.0\vc\include\stdio.h(211) : see declaration of 'fopen'
     1>c:\users\chenglong\documents\github\network\build 1\assign\server\server.cpp(325): warning C4996: 'getcwd': The POSIX name for this item is deprecated. Instead, use the ISO C++ conformant name: _getcwd. See online help for details.
                 d:\program files (x86)\microsoft visual studio 12.0\vc\include\direct.h(130) : see declaration of 'getcwd'
     1>c:\users\chenglong\documents\github\network\build 1\assign\server\server.cpp(328): warning C4996: 'strcat': This function or variable may be unsafe. Consider using strcat_s instead. To disable deprecation, use _CRT_SECURE_NO_WARNINGS. See online help for details.
                 d:\program files (x86)\microsoft visual studio 12.0\vc\include\string.h(118) : see declaration of 'strcat'
     1>c:\users\chenglong\documents\github\network\build 1\assign\server\server.cpp(359): warning C4996: 'getcwd': The POSIX name for this item is deprecated. Instead, use the ISO C++ conformant name: _getcwd. See online help for details.
                 d:\program files (x86)\microsoft visual studio 12.0\vc\include\direct.h(130) : see declaration of 'getcwd'
     1>c:\users\chenglong\documents\github\network\build 1\assign\server\server.cpp(360): warning C4996: 'strcat': This function or variable may be unsafe. Consider using strcat_s instead. To disable deprecation, use _CRT_SECURE_NO_WARNINGS. See online help for details.
                 d:\program files (x86)\microsoft visual studio 12.0\vc\include\string.h(118) : see declaration of 'strcat'
     1>c:\users\chenglong\documents\github\network\build 1\assign\server\server.cpp(355): warning C4101: 'filesstate' : unreferenced local variable
       Link:
         D:\Program Files (x86)\Microsoft Visual Studio 12.0\VC\bin\link.exe /ERRORREPORT:PROMPT /OUT:"C:\Users\chenglong\Documents\GitHub\network\build 1\Assign\Debug\Server.exe" /INCREMENTAL /NOLOGO kernel32.lib user32.lib gdi32.lib winspool.lib comdlg32.lib advapi32.lib shell32.lib ole32.lib oleaut32.lib uuid.lib odbc32.lib odbccp32.lib /MANIFEST /MANIFESTUAC:"level='asInvoker' uiAccess='false'" /manifest:embed /DEBUG /PDB:"C:\Users\chenglong\Documents\GitHub\network\build 1\Assign\Debug\Server.pdb" /TLBID:1 /DYNAMICBASE /NXCOMPAT /IMPLIB:"C:\Users\chenglong\Documents\GitHub\network\build 1\Assign\Debug\Server.lib" /MACHINE:X86 Debug\Server.obj
         Server.vcxproj -> C:\Users\chenglong\Documents\GitHub\network\build 1\Assign\Debug\Server.exe
     1>Done Building Project "C:\Users\chenglong\Documents\GitHub\network\build 1\Assign\Server\Server.vcxproj" (Build target(s)).

Build succeeded.

Time Elapsed 00:00:03.67
