Build started 12/2/2014 4:29:23 PM.
     1>Project "C:\Users\z_che17\Desktop\Assign3_zcl\Assign3_zcl\Server\Server.vcxproj" on node 3 (Build target(s)).
       Project file contains ToolsVersion="12.0". This toolset may be unknown or missing, in which case you may be able to resolve this by installing the appropriate version of MSBuild, or the build may have been forced to a particular ToolsVersion for policy reasons. Treating the project as if it had ToolsVersion="4.0". For more information, please see http://go.microsoft.com/fwlink/?LinkId=291333.
     1>ClCompile:
         C:\Program Files (x86)\Microsoft Visual Studio 11.0\VC\bin\CL.exe /c /ZI /nologo /W3 /WX- /sdl /Od /Oy- /D _CRT_SECURE_NO_WARNINGS /D _MBCS /Gm /EHsc /RTC1 /MDd /GS /fp:precise /Zc:wchar_t /Zc:forScope /Fo"Debug\\" /Fd"Debug\vc110.pdb" /Gd /TP /analyze- /errorReport:prompt Server.cpp
         Server.cpp
     1>c:\users\z_che17\desktop\assign3_zcl\assign3_zcl\server\server.cpp(104): warning C4172: returning address of local variable or temporary
     1>c:\users\z_che17\desktop\assign3_zcl\assign3_zcl\server\server.cpp(114): warning C4244: 'argument' : conversion from 'time_t' to 'unsigned int', possible loss of data
     1>c:\users\z_che17\desktop\assign3_zcl\assign3_zcl\server\server.cpp(183): warning C4172: returning address of local variable or temporary
     1>c:\users\z_che17\desktop\assign3_zcl\assign3_zcl\server\server.cpp(8): warning C4101: 'sendbuffer' : unreferenced local variable
     1>c:\users\z_che17\desktop\assign3_zcl\assign3_zcl\server\server.cpp(7): warning C4101: 'recvbuffer' : unreferenced local variable
     1>c:\users\z_che17\desktop\assign3_zcl\assign3_zcl\server\server.cpp(235): warning C4244: 'argument' : conversion from 'time_t' to 'unsigned int', possible loss of data
     1>c:\users\z_che17\desktop\assign3_zcl\assign3_zcl\server\server.cpp(295): warning C4172: returning address of local variable or temporary
     1>c:\users\z_che17\desktop\assign3_zcl\assign3_zcl\server\server.cpp(192): warning C4101: 'sendbuffer' : unreferenced local variable
     1>c:\users\z_che17\desktop\assign3_zcl\assign3_zcl\server\server.cpp(435): warning C4101: 'sendbuffer' : unreferenced local variable
     1>c:\users\z_che17\desktop\assign3_zcl\assign3_zcl\server\server.cpp(434): warning C4101: 'recvbuffer' : unreferenced local variable
     1>c:\users\z_che17\desktop\assign3_zcl\assign3_zcl\server\server.cpp(522): warning C4101: 'sendbuffer' : unreferenced local variable
     1>c:\users\z_che17\desktop\assign3_zcl\assign3_zcl\server\server.cpp(758): warning C4101: 'filebuffer' : unreferenced local variable
       Link:
         C:\Program Files (x86)\Microsoft Visual Studio 11.0\VC\bin\link.exe /ERRORREPORT:PROMPT /OUT:"C:\Users\z_che17\Desktop\Assign3_zcl\Assign3_zcl\Debug\Server.exe" /INCREMENTAL /NOLOGO kernel32.lib user32.lib gdi32.lib winspool.lib comdlg32.lib advapi32.lib shell32.lib ole32.lib oleaut32.lib uuid.lib odbc32.lib odbccp32.lib /MANIFEST /MANIFESTUAC:"level='asInvoker' uiAccess='false'" /manifest:embed /DEBUG /PDB:"C:\Users\z_che17\Desktop\Assign3_zcl\Assign3_zcl\Debug\Server.pdb" /TLBID:1 /DYNAMICBASE /NXCOMPAT /IMPLIB:"C:\Users\z_che17\Desktop\Assign3_zcl\Assign3_zcl\Debug\Server.lib" /MACHINE:X86 Debug\syslogger.obj
         Debug\Server.obj
         Server.vcxproj -> C:\Users\z_che17\Desktop\Assign3_zcl\Assign3_zcl\Debug\Server.exe
     1>Done Building Project "C:\Users\z_che17\Desktop\Assign3_zcl\Assign3_zcl\Server\Server.vcxproj" (Build target(s)).

Build succeeded.

Time Elapsed 00:00:01.77
