Build started 11/26/2014 11:32:11 AM.
     1>Project "C:\Users\chenglong\Downloads\New folder\New folder\assign3\Client\Client.vcxproj" on node 2 (Build target(s)).
     1>ClCompile:
         D:\Program Files (x86)\Microsoft Visual Studio 12.0\VC\bin\CL.exe /c /ZI /nologo /W3 /WX- /sdl /Od /Oy- /D _CRT_SECURE_NO_WARNINGS /D _MBCS /Gm /EHsc /RTC1 /MDd /GS /fp:precise /Zc:wchar_t /Zc:forScope /Fo"Debug\\" /Fd"Debug\vc120.pdb" /Gd /TP /analyze- /errorReport:prompt ..\common\socklib.cpp client.cpp
         socklib.cpp
     1>c:\users\chenglong\downloads\new folder\new folder\assign3\common\socklib.cpp(498): warning C4806: '&' : unsafe operation: no value of type 'bool' promoted to type 'int' can equal the given constant
     1>c:\users\chenglong\downloads\new folder\new folder\assign3\common\socklib.cpp(498): warning C4554: '&' : check operator precedence for possible error; use parentheses to clarify precedence
         Generating Code...
         Compiling...
         client.cpp
     1>c:\users\chenglong\downloads\new folder\new folder\assign3\client\client.cpp(167): warning C4244: 'argument' : conversion from 'time_t' to 'unsigned int', possible loss of data
         Generating Code...
       Link:
         D:\Program Files (x86)\Microsoft Visual Studio 12.0\VC\bin\link.exe /ERRORREPORT:PROMPT /OUT:"C:\Users\chenglong\Downloads\New folder\New folder\assign3\Debug\Client.exe" /INCREMENTAL /NOLOGO kernel32.lib user32.lib gdi32.lib winspool.lib comdlg32.lib advapi32.lib shell32.lib ole32.lib oleaut32.lib uuid.lib odbc32.lib odbccp32.lib /MANIFEST /MANIFESTUAC:"level='asInvoker' uiAccess='false'" /manifest:embed /DEBUG /PDB:"C:\Users\chenglong\Downloads\New folder\New folder\assign3\Debug\Client.pdb" /TLBID:1 /DYNAMICBASE /NXCOMPAT /IMPLIB:"C:\Users\chenglong\Downloads\New folder\New folder\assign3\Debug\Client.lib" /MACHINE:X86 Debug\socklib.obj
         Debug\syslogger.obj
         Debug\client.obj
         Client.vcxproj -> C:\Users\chenglong\Downloads\New folder\New folder\assign3\Debug\Client.exe
     1>Done Building Project "C:\Users\chenglong\Downloads\New folder\New folder\assign3\Client\Client.vcxproj" (Build target(s)).

Build succeeded.

Time Elapsed 00:00:01.33
