Build started 11/20/2014 4:43:37 PM.
     1>Project "C:\Users\chenglong\Documents\GitHub\network\build3\sample_3\Server\Server.vcxproj" on node 3 (Build target(s)).
     1>ClCompile:
         D:\Program Files (x86)\Microsoft Visual Studio 12.0\VC\bin\CL.exe /c /ZI /nologo /W3 /WX- /Od /Oy- /D _UNICODE /D UNICODE /Gm /EHsc /RTC1 /MDd /GS /fp:precise /Zc:wchar_t /Zc:forScope /Fo"Debug\\" /Fd"Debug\vc120.pdb" /Gd /TP /analyze- /errorReport:prompt Server.cpp
         Server.cpp
     1>c:\users\chenglong\documents\github\network\build3\sample_3\server\server.cpp(322): warning C4996: 'fopen': This function or variable may be unsafe. Consider using fopen_s instead. To disable deprecation, use _CRT_SECURE_NO_WARNINGS. See online help for details.
                 d:\program files (x86)\microsoft visual studio 12.0\vc\include\stdio.h(211) : see declaration of 'fopen'
     1>c:\users\chenglong\documents\github\network\build3\sample_3\server\server.cpp(360): warning C4996: 'fopen': This function or variable may be unsafe. Consider using fopen_s instead. To disable deprecation, use _CRT_SECURE_NO_WARNINGS. See online help for details.
                 d:\program files (x86)\microsoft visual studio 12.0\vc\include\stdio.h(211) : see declaration of 'fopen'
     1>c:\users\chenglong\documents\github\network\build3\sample_3\server\server.cpp(643): warning C4258: 'k' : definition from the for loop is ignored; the definition from the enclosing scope is used
                 c:\users\chenglong\documents\github\network\build3\sample_3\server\server.cpp(629) : definition of 'k' ignored
                 c:\users\chenglong\documents\github\network\build3\sample_3\server\server.cpp(47) : definition of 'k' used
     1>c:\users\chenglong\documents\github\network\build3\sample_3\server\server.cpp(679): warning C4258: 'k' : definition from the for loop is ignored; the definition from the enclosing scope is used
                 c:\users\chenglong\documents\github\network\build3\sample_3\server\server.cpp(629) : definition of 'k' ignored
                 c:\users\chenglong\documents\github\network\build3\sample_3\server\server.cpp(47) : definition of 'k' used
     1>c:\users\chenglong\documents\github\network\build3\sample_3\server\server.cpp(698): warning C4258: 'k' : definition from the for loop is ignored; the definition from the enclosing scope is used
                 c:\users\chenglong\documents\github\network\build3\sample_3\server\server.cpp(629) : definition of 'k' ignored
                 c:\users\chenglong\documents\github\network\build3\sample_3\server\server.cpp(47) : definition of 'k' used
     1>c:\users\chenglong\documents\github\network\build3\sample_3\server\server.cpp(699): warning C4258: 'k' : definition from the for loop is ignored; the definition from the enclosing scope is used
                 c:\users\chenglong\documents\github\network\build3\sample_3\server\server.cpp(629) : definition of 'k' ignored
                 c:\users\chenglong\documents\github\network\build3\sample_3\server\server.cpp(47) : definition of 'k' used
     1>c:\users\chenglong\documents\github\network\build3\sample_3\server\server.cpp(701): warning C4258: 'k' : definition from the for loop is ignored; the definition from the enclosing scope is used
                 c:\users\chenglong\documents\github\network\build3\sample_3\server\server.cpp(629) : definition of 'k' ignored
                 c:\users\chenglong\documents\github\network\build3\sample_3\server\server.cpp(47) : definition of 'k' used
     1>c:\users\chenglong\documents\github\network\build3\sample_3\server\server.cpp(702): warning C4258: 'k' : definition from the for loop is ignored; the definition from the enclosing scope is used
                 c:\users\chenglong\documents\github\network\build3\sample_3\server\server.cpp(629) : definition of 'k' ignored
                 c:\users\chenglong\documents\github\network\build3\sample_3\server\server.cpp(47) : definition of 'k' used
     1>c:\users\chenglong\documents\github\network\build3\sample_3\server\server.cpp(708): warning C4258: 'k' : definition from the for loop is ignored; the definition from the enclosing scope is used
                 c:\users\chenglong\documents\github\network\build3\sample_3\server\server.cpp(629) : definition of 'k' ignored
                 c:\users\chenglong\documents\github\network\build3\sample_3\server\server.cpp(47) : definition of 'k' used
     1>c:\users\chenglong\documents\github\network\build3\sample_3\server\server.cpp(709): warning C4258: 'k' : definition from the for loop is ignored; the definition from the enclosing scope is used
                 c:\users\chenglong\documents\github\network\build3\sample_3\server\server.cpp(629) : definition of 'k' ignored
                 c:\users\chenglong\documents\github\network\build3\sample_3\server\server.cpp(47) : definition of 'k' used
     1>c:\users\chenglong\documents\github\network\build3\sample_3\server\server.cpp(711): warning C4258: 'k' : definition from the for loop is ignored; the definition from the enclosing scope is used
                 c:\users\chenglong\documents\github\network\build3\sample_3\server\server.cpp(629) : definition of 'k' ignored
                 c:\users\chenglong\documents\github\network\build3\sample_3\server\server.cpp(47) : definition of 'k' used
     1>c:\users\chenglong\documents\github\network\build3\sample_3\server\server.cpp(712): warning C4258: 'k' : definition from the for loop is ignored; the definition from the enclosing scope is used
                 c:\users\chenglong\documents\github\network\build3\sample_3\server\server.cpp(629) : definition of 'k' ignored
                 c:\users\chenglong\documents\github\network\build3\sample_3\server\server.cpp(47) : definition of 'k' used
     1>c:\users\chenglong\documents\github\network\build3\sample_3\server\server.cpp(764): warning C4996: 'fopen': This function or variable may be unsafe. Consider using fopen_s instead. To disable deprecation, use _CRT_SECURE_NO_WARNINGS. See online help for details.
                 d:\program files (x86)\microsoft visual studio 12.0\vc\include\stdio.h(211) : see declaration of 'fopen'
     1>c:\users\chenglong\documents\github\network\build3\sample_3\server\server.cpp(766): warning C4996: 'fopen': This function or variable may be unsafe. Consider using fopen_s instead. To disable deprecation, use _CRT_SECURE_NO_WARNINGS. See online help for details.
                 d:\program files (x86)\microsoft visual studio 12.0\vc\include\stdio.h(211) : see declaration of 'fopen'
     1>c:\users\chenglong\documents\github\network\build3\sample_3\server\server.cpp(806): warning C4996: 'fopen': This function or variable may be unsafe. Consider using fopen_s instead. To disable deprecation, use _CRT_SECURE_NO_WARNINGS. See online help for details.
                 d:\program files (x86)\microsoft visual studio 12.0\vc\include\stdio.h(211) : see declaration of 'fopen'
       Link:
         D:\Program Files (x86)\Microsoft Visual Studio 12.0\VC\bin\link.exe /ERRORREPORT:PROMPT /OUT:"C:\Users\chenglong\Documents\GitHub\network\build3\sample_3\Debug\Server.exe" /INCREMENTAL /NOLOGO kernel32.lib user32.lib gdi32.lib winspool.lib comdlg32.lib advapi32.lib shell32.lib ole32.lib oleaut32.lib uuid.lib odbc32.lib odbccp32.lib /MANIFEST /MANIFESTUAC:"level='asInvoker' uiAccess='false'" /manifest:embed /DEBUG /PDB:"C:\Users\chenglong\Documents\GitHub\network\build3\sample_3\Debug\Server.pdb" /TLBID:1 /DYNAMICBASE /NXCOMPAT /IMPLIB:"C:\Users\chenglong\Documents\GitHub\network\build3\sample_3\Debug\Server.lib" /MACHINE:X86 Debug\Server.obj
         Server.vcxproj -> C:\Users\chenglong\Documents\GitHub\network\build3\sample_3\Debug\Server.exe
     1>Done Building Project "C:\Users\chenglong\Documents\GitHub\network\build3\sample_3\Server\Server.vcxproj" (Build target(s)).

Build succeeded.

Time Elapsed 00:00:03.58
