Build started 11/20/2014 1:29:57 PM.
     1>Project "G:\My Documents\Visual Studio 2012\Projects\assign-3\Client\Client.vcxproj" on node 2 (Build target(s)).
     1>ClCompile:
         C:\Program Files (x86)\Microsoft Visual Studio 11.0\VC\bin\CL.exe /c /ZI /nologo /W3 /WX- /Od /Oy- /D _UNICODE /D UNICODE /Gm /EHsc /RTC1 /MDd /GS /fp:precise /Zc:wchar_t /Zc:forScope /Fo"Debug\\" /Fd"Debug\vc110.pdb" /Gd /TP /analyze- /errorReport:prompt Client.cpp
         Client.cpp
     1>g:\my documents\visual studio 2012\projects\assign-3\client\client.cpp(167): warning C4996: 'strcpy': This function or variable may be unsafe. Consider using strcpy_s instead. To disable deprecation, use _CRT_SECURE_NO_WARNINGS. See online help for details.
                 c:\program files (x86)\microsoft visual studio 11.0\vc\include\string.h(110) : see declaration of 'strcpy'
     1>g:\my documents\visual studio 2012\projects\assign-3\client\client.cpp(218): warning C4996: 'strcpy': This function or variable may be unsafe. Consider using strcpy_s instead. To disable deprecation, use _CRT_SECURE_NO_WARNINGS. See online help for details.
                 c:\program files (x86)\microsoft visual studio 11.0\vc\include\string.h(110) : see declaration of 'strcpy'
     1>g:\my documents\visual studio 2012\projects\assign-3\client\client.cpp(232): warning C4996: 'mbstowcs': This function or variable may be unsafe. Consider using mbstowcs_s instead. To disable deprecation, use _CRT_SECURE_NO_WARNINGS. See online help for details.
                 c:\program files (x86)\microsoft visual studio 11.0\vc\include\stdlib.h(515) : see declaration of 'mbstowcs'
     1>g:\my documents\visual studio 2012\projects\assign-3\client\client.cpp(237): warning C4996: 'strcpy': This function or variable may be unsafe. Consider using strcpy_s instead. To disable deprecation, use _CRT_SECURE_NO_WARNINGS. See online help for details.
                 c:\program files (x86)\microsoft visual studio 11.0\vc\include\string.h(110) : see declaration of 'strcpy'
     1>g:\my documents\visual studio 2012\projects\assign-3\client\client.cpp(363): warning C4996: 'fopen': This function or variable may be unsafe. Consider using fopen_s instead. To disable deprecation, use _CRT_SECURE_NO_WARNINGS. See online help for details.
                 c:\program files (x86)\microsoft visual studio 11.0\vc\include\stdio.h(218) : see declaration of 'fopen'
     1>g:\my documents\visual studio 2012\projects\assign-3\client\client.cpp(365): warning C4996: 'fopen': This function or variable may be unsafe. Consider using fopen_s instead. To disable deprecation, use _CRT_SECURE_NO_WARNINGS. See online help for details.
                 c:\program files (x86)\microsoft visual studio 11.0\vc\include\stdio.h(218) : see declaration of 'fopen'
     1>g:\my documents\visual studio 2012\projects\assign-3\client\client.cpp(398): warning C4996: 'fopen': This function or variable may be unsafe. Consider using fopen_s instead. To disable deprecation, use _CRT_SECURE_NO_WARNINGS. See online help for details.
                 c:\program files (x86)\microsoft visual studio 11.0\vc\include\stdio.h(218) : see declaration of 'fopen'
     1>g:\my documents\visual studio 2012\projects\assign-3\client\client.cpp(583): warning C4996: 'fopen': This function or variable may be unsafe. Consider using fopen_s instead. To disable deprecation, use _CRT_SECURE_NO_WARNINGS. See online help for details.
                 c:\program files (x86)\microsoft visual studio 11.0\vc\include\stdio.h(218) : see declaration of 'fopen'
     1>g:\my documents\visual studio 2012\projects\assign-3\client\client.cpp(635): warning C4996: 'fopen': This function or variable may be unsafe. Consider using fopen_s instead. To disable deprecation, use _CRT_SECURE_NO_WARNINGS. See online help for details.
                 c:\program files (x86)\microsoft visual studio 11.0\vc\include\stdio.h(218) : see declaration of 'fopen'
     1>g:\my documents\visual studio 2012\projects\assign-3\client\client.cpp(760): warning C4258: 'k' : definition from the for loop is ignored; the definition from the enclosing scope is used
                 g:\my documents\visual studio 2012\projects\assign-3\client\client.cpp(739) : definition of 'k' ignored
                 g:\my documents\visual studio 2012\projects\assign-3\client\client.cpp(40) : definition of 'k' used
     1>g:\my documents\visual studio 2012\projects\assign-3\client\client.cpp(852): warning C4258: 'k' : definition from the for loop is ignored; the definition from the enclosing scope is used
                 g:\my documents\visual studio 2012\projects\assign-3\client\client.cpp(739) : definition of 'k' ignored
                 g:\my documents\visual studio 2012\projects\assign-3\client\client.cpp(40) : definition of 'k' used
     1>g:\my documents\visual studio 2012\projects\assign-3\client\client.cpp(871): warning C4258: 'k' : definition from the for loop is ignored; the definition from the enclosing scope is used
                 g:\my documents\visual studio 2012\projects\assign-3\client\client.cpp(739) : definition of 'k' ignored
                 g:\my documents\visual studio 2012\projects\assign-3\client\client.cpp(40) : definition of 'k' used
     1>g:\my documents\visual studio 2012\projects\assign-3\client\client.cpp(872): warning C4258: 'k' : definition from the for loop is ignored; the definition from the enclosing scope is used
                 g:\my documents\visual studio 2012\projects\assign-3\client\client.cpp(739) : definition of 'k' ignored
                 g:\my documents\visual studio 2012\projects\assign-3\client\client.cpp(40) : definition of 'k' used
     1>g:\my documents\visual studio 2012\projects\assign-3\client\client.cpp(874): warning C4258: 'k' : definition from the for loop is ignored; the definition from the enclosing scope is used
                 g:\my documents\visual studio 2012\projects\assign-3\client\client.cpp(739) : definition of 'k' ignored
                 g:\my documents\visual studio 2012\projects\assign-3\client\client.cpp(40) : definition of 'k' used
     1>g:\my documents\visual studio 2012\projects\assign-3\client\client.cpp(875): warning C4258: 'k' : definition from the for loop is ignored; the definition from the enclosing scope is used
                 g:\my documents\visual studio 2012\projects\assign-3\client\client.cpp(739) : definition of 'k' ignored
                 g:\my documents\visual studio 2012\projects\assign-3\client\client.cpp(40) : definition of 'k' used
     1>g:\my documents\visual studio 2012\projects\assign-3\client\client.cpp(880): warning C4258: 'k' : definition from the for loop is ignored; the definition from the enclosing scope is used
                 g:\my documents\visual studio 2012\projects\assign-3\client\client.cpp(739) : definition of 'k' ignored
                 g:\my documents\visual studio 2012\projects\assign-3\client\client.cpp(40) : definition of 'k' used
     1>g:\my documents\visual studio 2012\projects\assign-3\client\client.cpp(881): warning C4258: 'k' : definition from the for loop is ignored; the definition from the enclosing scope is used
                 g:\my documents\visual studio 2012\projects\assign-3\client\client.cpp(739) : definition of 'k' ignored
                 g:\my documents\visual studio 2012\projects\assign-3\client\client.cpp(40) : definition of 'k' used
     1>g:\my documents\visual studio 2012\projects\assign-3\client\client.cpp(883): warning C4258: 'k' : definition from the for loop is ignored; the definition from the enclosing scope is used
                 g:\my documents\visual studio 2012\projects\assign-3\client\client.cpp(739) : definition of 'k' ignored
                 g:\my documents\visual studio 2012\projects\assign-3\client\client.cpp(40) : definition of 'k' used
     1>g:\my documents\visual studio 2012\projects\assign-3\client\client.cpp(884): warning C4258: 'k' : definition from the for loop is ignored; the definition from the enclosing scope is used
                 g:\my documents\visual studio 2012\projects\assign-3\client\client.cpp(739) : definition of 'k' ignored
                 g:\my documents\visual studio 2012\projects\assign-3\client\client.cpp(40) : definition of 'k' used
     1>g:\my documents\visual studio 2012\projects\assign-3\client\client.cpp(947): warning C4258: 'k' : definition from the for loop is ignored; the definition from the enclosing scope is used
                 g:\my documents\visual studio 2012\projects\assign-3\client\client.cpp(928) : definition of 'k' ignored
                 g:\my documents\visual studio 2012\projects\assign-3\client\client.cpp(40) : definition of 'k' used
     1>g:\my documents\visual studio 2012\projects\assign-3\client\client.cpp(988): warning C4258: 'k' : definition from the for loop is ignored; the definition from the enclosing scope is used
                 g:\my documents\visual studio 2012\projects\assign-3\client\client.cpp(928) : definition of 'k' ignored
                 g:\my documents\visual studio 2012\projects\assign-3\client\client.cpp(40) : definition of 'k' used
     1>g:\my documents\visual studio 2012\projects\assign-3\client\client.cpp(1008): warning C4258: 'k' : definition from the for loop is ignored; the definition from the enclosing scope is used
                 g:\my documents\visual studio 2012\projects\assign-3\client\client.cpp(928) : definition of 'k' ignored
                 g:\my documents\visual studio 2012\projects\assign-3\client\client.cpp(40) : definition of 'k' used
     1>g:\my documents\visual studio 2012\projects\assign-3\client\client.cpp(1009): warning C4258: 'k' : definition from the for loop is ignored; the definition from the enclosing scope is used
                 g:\my documents\visual studio 2012\projects\assign-3\client\client.cpp(928) : definition of 'k' ignored
                 g:\my documents\visual studio 2012\projects\assign-3\client\client.cpp(40) : definition of 'k' used
     1>g:\my documents\visual studio 2012\projects\assign-3\client\client.cpp(1011): warning C4258: 'k' : definition from the for loop is ignored; the definition from the enclosing scope is used
                 g:\my documents\visual studio 2012\projects\assign-3\client\client.cpp(928) : definition of 'k' ignored
                 g:\my documents\visual studio 2012\projects\assign-3\client\client.cpp(40) : definition of 'k' used
     1>g:\my documents\visual studio 2012\projects\assign-3\client\client.cpp(1012): warning C4258: 'k' : definition from the for loop is ignored; the definition from the enclosing scope is used
                 g:\my documents\visual studio 2012\projects\assign-3\client\client.cpp(928) : definition of 'k' ignored
                 g:\my documents\visual studio 2012\projects\assign-3\client\client.cpp(40) : definition of 'k' used
     1>g:\my documents\visual studio 2012\projects\assign-3\client\client.cpp(1017): warning C4258: 'k' : definition from the for loop is ignored; the definition from the enclosing scope is used
                 g:\my documents\visual studio 2012\projects\assign-3\client\client.cpp(928) : definition of 'k' ignored
                 g:\my documents\visual studio 2012\projects\assign-3\client\client.cpp(40) : definition of 'k' used
     1>g:\my documents\visual studio 2012\projects\assign-3\client\client.cpp(1018): warning C4258: 'k' : definition from the for loop is ignored; the definition from the enclosing scope is used
                 g:\my documents\visual studio 2012\projects\assign-3\client\client.cpp(928) : definition of 'k' ignored
                 g:\my documents\visual studio 2012\projects\assign-3\client\client.cpp(40) : definition of 'k' used
     1>g:\my documents\visual studio 2012\projects\assign-3\client\client.cpp(1020): warning C4258: 'k' : definition from the for loop is ignored; the definition from the enclosing scope is used
                 g:\my documents\visual studio 2012\projects\assign-3\client\client.cpp(928) : definition of 'k' ignored
                 g:\my documents\visual studio 2012\projects\assign-3\client\client.cpp(40) : definition of 'k' used
     1>g:\my documents\visual studio 2012\projects\assign-3\client\client.cpp(1021): warning C4258: 'k' : definition from the for loop is ignored; the definition from the enclosing scope is used
                 g:\my documents\visual studio 2012\projects\assign-3\client\client.cpp(928) : definition of 'k' ignored
                 g:\my documents\visual studio 2012\projects\assign-3\client\client.cpp(40) : definition of 'k' used
       Link:
         C:\Program Files (x86)\Microsoft Visual Studio 11.0\VC\bin\link.exe /ERRORREPORT:PROMPT /OUT:"G:\My Documents\Visual Studio 2012\Projects\assign-3\Debug\Client.exe" /INCREMENTAL /NOLOGO kernel32.lib user32.lib gdi32.lib winspool.lib comdlg32.lib advapi32.lib shell32.lib ole32.lib oleaut32.lib uuid.lib odbc32.lib odbccp32.lib /MANIFEST /MANIFESTUAC:"level='asInvoker' uiAccess='false'" /manifest:embed /DEBUG /PDB:"G:\My Documents\Visual Studio 2012\Projects\assign-3\Debug\Client.pdb" /TLBID:1 /DYNAMICBASE /NXCOMPAT /IMPLIB:"G:\My Documents\Visual Studio 2012\Projects\assign-3\Debug\Client.lib" /MACHINE:X86 Debug\Client.obj
         Client.vcxproj -> G:\My Documents\Visual Studio 2012\Projects\assign-3\Debug\Client.exe
     1>Done Building Project "G:\My Documents\Visual Studio 2012\Projects\assign-3\Client\Client.vcxproj" (Build target(s)).

Build succeeded.

Time Elapsed 00:00:06.12
