G:\MY DOCUMENTS\VISUAL STUDIO 2012\PROJECTS\FTP_UDP\FTP_UDP\DEBUG\SERVER.OBJ
G:\MY DOCUMENTS\VISUAL STUDIO 2012\PROJECTS\FTP_UDP\FTP_UDP\DEBUG\VC110.PDB
G:\MY DOCUMENTS\VISUAL STUDIO 2012\PROJECTS\FTP_UDP\DEBUG\SERVER.ILK
G:\MY DOCUMENTS\VISUAL STUDIO 2012\PROJECTS\FTP_UDP\DEBUG\SERVER.EXE
G:\MY DOCUMENTS\VISUAL STUDIO 2012\PROJECTS\FTP_UDP\DEBUG\SERVER.PDB
G:\My Documents\Visual Studio 2012\Projects\FTP_UDP\FTP_UDP\Debug\server.obj
G:\My Documents\Visual Studio 2012\Projects\FTP_UDP\FTP_UDP\Debug\CL.read.1.tlog
G:\My Documents\Visual Studio 2012\Projects\FTP_UDP\FTP_UDP\Debug\CL.write.1.tlog
G:\My Documents\Visual Studio 2012\Projects\FTP_UDP\FTP_UDP\Debug\cl.command.1.tlog
G:\My Documents\Visual Studio 2012\Projects\FTP_UDP\FTP_UDP\Debug\link-rc.read.1.tlog
G:\My Documents\Visual Studio 2012\Projects\FTP_UDP\FTP_UDP\Debug\link-rc.write.1.tlog
G:\My Documents\Visual Studio 2012\Projects\FTP_UDP\FTP_UDP\Debug\link-cvtres.read.1.tlog
G:\My Documents\Visual Studio 2012\Projects\FTP_UDP\FTP_UDP\Debug\link-cvtres.write.1.tlog
G:\My Documents\Visual Studio 2012\Projects\FTP_UDP\FTP_UDP\Debug\link.read.1.tlog
G:\My Documents\Visual Studio 2012\Projects\FTP_UDP\FTP_UDP\Debug\link.write.1.tlog
G:\My Documents\Visual Studio 2012\Projects\FTP_UDP\FTP_UDP\Debug\link.command.1.tlog
G:\My Documents\Visual Studio 2012\Projects\FTP_UDP\FTP_UDP\Debug\link.4340-rc.read.1.tlog
G:\My Documents\Visual Studio 2012\Projects\FTP_UDP\FTP_UDP\Debug\link.4340-rc.write.1.tlog
G:\My Documents\Visual Studio 2012\Projects\FTP_UDP\FTP_UDP\Debug\link.4340-cvtres.read.1.tlog
G:\My Documents\Visual Studio 2012\Projects\FTP_UDP\FTP_UDP\Debug\link.4340-cvtres.write.1.tlog
G:\My Documents\Visual Studio 2012\Projects\FTP_UDP\FTP_UDP\Debug\link.4340.read.1.tlog
G:\My Documents\Visual Studio 2012\Projects\FTP_UDP\FTP_UDP\Debug\link.4340.write.1.tlog
G:\My Documents\Visual Studio 2012\Projects\FTP_UDP\FTP_UDP\Debug\link.2620-rc.read.1.tlog
G:\My Documents\Visual Studio 2012\Projects\FTP_UDP\FTP_UDP\Debug\link.2620-rc.write.1.tlog
G:\My Documents\Visual Studio 2012\Projects\FTP_UDP\FTP_UDP\Debug\link.2620-cvtres.read.1.tlog
G:\My Documents\Visual Studio 2012\Projects\FTP_UDP\FTP_UDP\Debug\link.2620-cvtres.write.1.tlog
G:\My Documents\Visual Studio 2012\Projects\FTP_UDP\FTP_UDP\Debug\link.2620.read.1.tlog
G:\My Documents\Visual Studio 2012\Projects\FTP_UDP\FTP_UDP\Debug\link.2620.write.1.tlog
G:\My Documents\Visual Studio 2012\Projects\FTP_UDP\FTP_UDP\Debug\vc110.idb
G:\My Documents\Visual Studio 2012\Projects\FTP_UDP\FTP_UDP\Debug\vc110.pdb
G:\My Documents\Visual Studio 2012\Projects\FTP_UDP\Debug\server.pdb
G:\My Documents\Visual Studio 2012\Projects\FTP_UDP\Debug\server.exe
G:\My Documents\Visual Studio 2012\Projects\FTP_UDP\Debug\server.ilk
